<?xml version="1.0" encoding="UTF-8"?>
<testng-results ignored="0" total="1" passed="1" failed="0" skipped="0">
  <reporter-output>
  </reporter-output>
  <suite started-at="2018-07-18T12:13:36Z" name="Default suite" finished-at="2018-07-18T12:13:41Z" duration-ms="5224">
    <groups>
    </groups>
    <test started-at="2018-07-18T12:13:36Z" name="Default test" finished-at="2018-07-18T12:13:41Z" duration-ms="5224">
      <class name="PhpTravels">
        <test-method signature="loginApp()[pri:0, instance:PhpTravels@35aea049]" started-at="2018-07-18T12:13:36Z" name="loginApp" finished-at="2018-07-18T12:13:41Z" duration-ms="5196" status="PASS">
          <reporter-output>
          </reporter-output>
        </test-method> <!-- loginApp -->
      </class> <!-- PhpTravels -->
    </test> <!-- Default test -->
  </suite> <!-- Default suite -->
</testng-results>
